<?xml version="1.0" encoding="UTF-8"?>
<!-- Generated by org.testng.reporters.JUnitXMLReporter -->
<testsuite ignored="0" hostname="Sarthak-Dayanands-MacBook-Pro-2.local" failures="1" tests="1" name="TestNgMavenTest" time="0.558" errors="0" timestamp="2023-06-02T19:54:54 BST">
  <testcase classname="io.cucumber.testng.AbstractTestNGCucumberTests" name="runScenario" time="0.091">
    <failure type="java.lang.NullPointerException" message="Cannot invoke &amp;quot;org.openqa.selenium.WebDriver.get(String)&amp;quot; because &amp;quot;this.driver&amp;quot; is null">
      <![CDATA[java.lang.NullPointerException: Cannot invoke "org.openqa.selenium.WebDriver.get(String)" because "this.driver" is null
at step_defs.StepDefinitions.i_navigate_to_google_home_page(StepDefinitions.java:32)
at ✽.I navigate to google home page(file:///Users/sarthakdayanand/Documents/HMRCDigital/DevWorkspace/TestAutomationDemo/src/test/resources/features/demo.feature:5)
]]>
    </failure>
  </testcase> <!-- runScenario -->
</testsuite> <!-- TestNgMavenTest -->
