<?xml version="1.0" encoding="UTF-8"?>
<testng-results ignored="0" total="1" passed="0" failed="1" skipped="0">
  <reporter-output>
  </reporter-output>
  <suite started-at="2023-06-02T19:54:53 BST" name="TestNgMavenExampleSuite" finished-at="2023-06-02T19:54:54 BST" duration-ms="558">
    <groups>
      <group name="cucumber">
        <method signature="AbstractTestNGCucumberTests.runScenario(io.cucumber.testng.PickleWrapper,io.cucumber.testng.FeatureWrapper)[pri:0, instance:runners.Runner@48fa0f47]" name="runScenario" class="io.cucumber.testng.AbstractTestNGCucumberTests"/>
      </group> <!-- cucumber -->
    </groups>
    <test started-at="2023-06-02T19:54:53 BST" name="TestNgMavenTest" finished-at="2023-06-02T19:54:54 BST" duration-ms="558">
      <class name="runners.Runner">
        <test-method is-config="true" signature="setUpClass(org.testng.ITestContext)[pri:0, instance:runners.Runner@48fa0f47]" started-at="2023-06-02T19:54:53 BST" name="setUpClass" finished-at="2023-06-02T19:54:54 BST" duration-ms="431" status="PASS">
          <params>
            <param index="0">
              <value>
                <![CDATA[org.testng.TestRunner@5f2606b]]>
              </value>
            </param>
          </params>
          <reporter-output>
          </reporter-output>
        </test-method> <!-- setUpClass -->
        <test-method signature="runScenario(io.cucumber.testng.PickleWrapper,io.cucumber.testng.FeatureWrapper)[pri:0, instance:runners.Runner@48fa0f47]" started-at="2023-06-02T19:54:54 BST" name="runScenario" description="Runs Cucumber Scenarios" data-provider="scenarios" finished-at="2023-06-02T19:54:54 BST" duration-ms="91" status="FAIL">
          <params>
            <param index="0">
              <value>
                <![CDATA["I navigate to google"]]>
              </value>
            </param>
            <param index="1">
              <value>
                <![CDATA["Test demo"]]>
              </value>
            </param>
          </params>
          <exception class="java.lang.NullPointerException">
            <message>
              <![CDATA[Cannot invoke "org.openqa.selenium.WebDriver.get(String)" because "this.driver" is null]]>
            </message>
            <full-stacktrace>
              <![CDATA[java.lang.NullPointerException: Cannot invoke "org.openqa.selenium.WebDriver.get(String)" because "this.driver" is null
at step_defs.StepDefinitions.i_navigate_to_google_home_page(StepDefinitions.java:32)
at ✽.I navigate to google home page(file:///Users/sarthakdayanand/Documents/HMRCDigital/DevWorkspace/TestAutomationDemo/src/test/resources/features/demo.feature:5)
]]>
            </full-stacktrace>
          </exception> <!-- java.lang.NullPointerException -->
          <reporter-output>
          </reporter-output>
        </test-method> <!-- runScenario -->
        <test-method is-config="true" signature="tearDownClass()[pri:0, instance:runners.Runner@48fa0f47]" started-at="2023-06-02T19:54:54 BST" name="tearDownClass" finished-at="2023-06-02T19:54:54 BST" duration-ms="1" status="PASS">
          <reporter-output>
          </reporter-output>
        </test-method> <!-- tearDownClass -->
      </class> <!-- runners.Runner -->
    </test> <!-- TestNgMavenTest -->
  </suite> <!-- TestNgMavenExampleSuite -->
</testng-results>
