<?xml version="1.0" encoding="UTF-8"?>
<testsuite xmlns:xsi="http://www.w3.org/2001/XMLSchema-instance" xsi:noNamespaceSchemaLocation="https://maven.apache.org/surefire/maven-surefire-plugin/xsd/surefire-test-report-3.0.xsd" version="3.0" name="TestSuite" time="0.998" tests="1" errors="0" skipped="0" failures="1">
  <properties>
[...]
</properties>
  <testcase name="runScenario[&quot;I navigate to google&quot;, &quot;Test demo&quot;](1)" classname="runners.Runner" time="0.094">
    <failure message="Cannot invoke &quot;org.openqa.selenium.WebDriver.get(String)&quot; because &quot;this.driver&quot; is null" type="java.lang.NullPointerException"><![CDATA[java.lang.NullPointerException: Cannot invoke "org.openqa.selenium.WebDriver.get(String)" because "this.driver" is null
	at step_defs.StepDefinitions.i_navigate_to_google_home_page(StepDefinitions.java:32)
	at ✽.I navigate to google home page(file:///Users/sarthakdayanand/Documents/HMRCDigital/DevWorkspace/TestAutomationDemo/src/test/resources/features/demo.feature:5)
]]></failure>
    <system-out><![CDATA[
@demo
Scenario Outline: I navigate to google               &amp#27;[90m# src/test/resources/features/demo.feature:12&amp#27;[0m
  &amp#27;[31mGiven &amp#27;[0m&amp#27;[31mI navigate to google home page&amp#27;[0m               &amp#27;[90m# step_defs.StepDefinitions.i_navigate_to_google_home_page()&amp#27;[0m
      &amp#27;[31mjava.lang.NullPointerException: Cannot invoke "org.openqa.selenium.WebDriver.get(String)" because "this.driver" is null
	at step_defs.StepDefinitions.i_navigate_to_google_home_page(StepDefinitions.java:32)
	at ✽.I navigate to google home page(file:///Users/sarthakdayanand/Documents/HMRCDigital/DevWorkspace/TestAutomationDemo/src/test/resources/features/demo.feature:5)
&amp#27;[0m
  &amp#27;[36mThen &amp#27;[0m&amp#27;[36mgoogle homepage should be loaded&amp#27;[0m              &amp#27;[90m# step_defs.StepDefinitions.google_homepage_should_be_loaded()&amp#27;[0m
  &amp#27;[36mWhen &amp#27;[0m&amp#27;[36mI search for a string &amp#27;[0m&amp#27;[36m&amp#27;[1m"google co uk"&amp#27;[0m          &amp#27;[90m# step_defs.StepDefinitions.iSearchForAStringSearchString(java.lang.String)&amp#27;[0m
  &amp#27;[36mThen &amp#27;[0m&amp#27;[36mfirst result should be &amp#27;[0m&amp#27;[36m&amp#27;[1m"https://google.co.uk"&amp#27;[0m &amp#27;[90m# step_defs.StepDefinitions.firstResultShouldBeResult()&amp#27;[0m
      &amp#27;[31mjava.lang.NullPointerException: Cannot invoke "org.openqa.selenium.WebDriver.close()" because "this.driver" is null
	at step_defs.StepDefinitions.tearDown(StepDefinitions.java:20)
&amp#27;[0m
]]></system-out>
    <system-err><![CDATA[SLF4J: No SLF4J providers were found.
SLF4J: Defaulting to no-operation (NOP) logger implementation
SLF4J: See https://www.slf4j.org/codes.html#noProviders for further details.
]]></system-err>
  </testcase>
</testsuite>